TN:
SF:src/farm/LevelMasterV2.sol
FN:70,LevelMasterV2.initialize
FNDA:0,LevelMasterV2.initialize
DA:71,0
DA:72,0
FN:76,LevelMasterV2.poolLength
FNDA:0,LevelMasterV2.poolLength
DA:77,0
FN:86,LevelMasterV2.add
FNDA:0,LevelMasterV2.add
DA:87,0
BRDA:87,0,0,-
BRDA:87,0,1,-
DA:88,0
BRDA:88,1,0,-
BRDA:88,1,1,-
DA:89,0
DA:90,0
DA:91,0
DA:93,0
DA:101,0
DA:102,0
FN:111,LevelMasterV2.set
FNDA:0,LevelMasterV2.set
DA:115,0
BRDA:115,2,0,-
BRDA:115,2,1,-
DA:116,0
DA:117,0
DA:118,0
DA:119,0
BRDA:119,3,0,-
BRDA:119,3,1,-
DA:120,0
DA:122,0
FN:127,LevelMasterV2.setRewardPerSecond
FNDA:0,LevelMasterV2.setRewardPerSecond
DA:128,0
BRDA:128,4,0,-
BRDA:128,4,1,-
DA:129,0
DA:130,0
FN:137,LevelMasterV2.pendingReward
FNDA:0,LevelMasterV2.pendingReward
DA:138,0
DA:139,0
DA:140,0
DA:141,0
DA:142,0
BRDA:142,5,0,-
BRDA:142,5,1,-
DA:143,0
DA:144,0
DA:147,0
DA:148,0
FN:153,LevelMasterV2.massUpdatePools
FNDA:0,LevelMasterV2.massUpdatePools
DA:154,0
DA:155,0
DA:156,0
FN:163,LevelMasterV2.updatePool
FNDA:0,LevelMasterV2.updatePool
DA:164,0
DA:165,0
BRDA:165,6,0,-
BRDA:165,6,1,-
DA:166,0
DA:167,0
BRDA:167,7,0,-
BRDA:167,7,1,-
DA:168,0
DA:169,0
DA:172,0
DA:173,0
DA:174,0
FN:182,LevelMasterV2.deposit
FNDA:0,LevelMasterV2.deposit
DA:183,0
DA:184,0
FN:191,LevelMasterV2.withdraw
FNDA:0,LevelMasterV2.withdraw
DA:192,0
DA:193,0
DA:196,0
DA:197,0
DA:200,0
DA:201,0
BRDA:201,8,0,-
BRDA:201,8,1,-
DA:202,0
DA:205,0
DA:207,0
FN:213,LevelMasterV2.harvest
FNDA:0,LevelMasterV2.harvest
DA:214,0
DA:215,0
DA:216,0
DA:217,0
DA:220,0
DA:223,0
BRDA:223,9,0,-
BRDA:223,9,1,-
DA:224,0
DA:227,0
DA:228,0
BRDA:228,10,0,-
BRDA:228,10,1,-
DA:229,0
DA:232,0
FN:235,LevelMasterV2.harvestAll
FNDA:0,LevelMasterV2.harvestAll
DA:236,0
DA:237,0
FN:245,LevelMasterV2.withdrawAndHarvest
FNDA:0,LevelMasterV2.withdrawAndHarvest
DA:246,0
DA:247,0
FN:250,LevelMasterV2.addLiquidity
FNDA:0,LevelMasterV2.addLiquidity
DA:254,0
BRDA:254,11,0,-
BRDA:254,11,1,-
DA:256,0
DA:257,0
DA:258,0
DA:259,0
DA:260,0
DA:261,0
DA:263,0
FN:266,LevelMasterV2.addLiquidityETH
FNDA:0,LevelMasterV2.addLiquidityETH
DA:267,0
DA:268,0
BRDA:268,12,0,-
BRDA:268,12,1,-
DA:270,0
DA:271,0
DA:272,0
DA:273,0
DA:274,0
DA:275,0
DA:277,0
FN:280,LevelMasterV2.removeLiquidity
FNDA:0,LevelMasterV2.removeLiquidity
DA:284,0
DA:285,0
DA:286,0
DA:287,0
FN:290,LevelMasterV2.removeLiquidityETH
FNDA:0,LevelMasterV2.removeLiquidityETH
DA:291,0
DA:293,0
DA:294,0
DA:295,0
DA:296,0
DA:297,0
DA:298,0
DA:299,0
FN:305,LevelMasterV2.emergencyWithdraw
FNDA:0,LevelMasterV2.emergencyWithdraw
DA:306,0
DA:307,0
DA:308,0
DA:309,0
DA:312,0
DA:313,0
FN:317,LevelMasterV2._deposit
FNDA:0,LevelMasterV2._deposit
DA:318,0
BRDA:318,13,0,-
BRDA:318,13,1,-
DA:319,0
DA:320,0
DA:323,0
DA:324,0
DA:327,0
DA:328,0
BRDA:328,14,0,-
BRDA:328,14,1,-
DA:329,0
DA:331,0
FN:334,LevelMasterV2._withdrawAndHarvest
FNDA:0,LevelMasterV2._withdrawAndHarvest
DA:335,0
DA:336,0
DA:337,0
DA:338,0
DA:341,0
DA:342,0
DA:345,0
BRDA:345,15,0,-
BRDA:345,15,1,-
DA:346,0
DA:347,0
DA:350,0
DA:351,0
BRDA:351,16,0,-
BRDA:351,16,1,-
DA:352,0
DA:354,0
FN:357,LevelMasterV2._safeTransferETH
FNDA:0,LevelMasterV2._safeTransferETH
DA:359,0
DA:360,0
BRDA:360,17,0,-
BRDA:360,17,1,-
FN:363,LevelMasterV2._transferReward
FNDA:0,LevelMasterV2._transferReward
DA:364,0
FNF:22
FNH:0
LF:128
LH:0
BRF:36
BRH:0
end_of_record
TN:
SF:src/fund/Erc20Reserve.sol
FN:15,Erc20Reserve.transfer
FNDA:0,Erc20Reserve.transfer
DA:16,0
BRDA:16,0,0,-
BRDA:16,0,1,-
DA:17,0
DA:20,0
BRDA:20,1,0,-
BRDA:20,1,1,-
DA:21,0
DA:24,0
BRDA:24,2,0,-
BRDA:24,2,1,-
DA:25,0
DA:28,0
DA:29,0
FNF:1
FNH:0
LF:8
LH:0
BRF:6
BRH:0
end_of_record
TN:
SF:src/timelock/Timelock.sol
FN:33,LevelTimelock.setDelay
FNDA:0,LevelTimelock.setDelay
DA:34,0
BRDA:34,0,0,-
BRDA:34,0,1,-
DA:35,0
DA:37,0
DA:39,0
FN:42,LevelTimelock.acceptAdmin
FNDA:0,LevelTimelock.acceptAdmin
DA:43,0
BRDA:43,1,0,-
BRDA:43,1,1,-
DA:44,0
DA:46,0
DA:47,0
DA:49,0
FN:52,LevelTimelock.setPendingAdmin
FNDA:0,LevelTimelock.setPendingAdmin
DA:53,0
DA:55,0
FN:58,LevelTimelock.queueTransaction
FNDA:2,LevelTimelock.queueTransaction
DA:63,2
BRDA:63,2,0,1
BRDA:63,2,1,1
DA:64,1
DA:67,1
DA:68,1
DA:70,1
DA:71,1
FN:74,LevelTimelock.cancelTransaction
FNDA:0,LevelTimelock.cancelTransaction
DA:78,0
DA:79,0
DA:81,0
FN:84,LevelTimelock.executeTransaction
FNDA:2,LevelTimelock.executeTransaction
DA:90,2
DA:91,2
BRDA:91,3,0,-
BRDA:91,3,1,2
DA:92,0
DA:94,2
DA:95,2
BRDA:95,4,0,1
BRDA:95,4,1,1
DA:96,1
DA:98,1
BRDA:98,5,0,-
BRDA:98,5,1,1
DA:99,0
DA:102,1
DA:104,1
DA:106,1
BRDA:106,6,0,-
BRDA:106,6,1,1
DA:107,0
DA:109,1
DA:114,1
DA:115,1
BRDA:115,7,0,-
BRDA:115,7,1,1
DA:116,0
DA:119,1
DA:121,1
FN:124,LevelTimelock._getBlockTimestamp
FNDA:4,LevelTimelock._getBlockTimestamp
DA:125,4
FN:128,LevelTimelock._validateTimelock
FNDA:0,LevelTimelock._validateTimelock
DA:129,0
BRDA:129,8,0,-
BRDA:129,8,1,-
FN:132,LevelTimelock._validateAdmin
FNDA:4,LevelTimelock._validateAdmin
DA:133,4
BRDA:133,9,0,-
BRDA:133,9,1,4
FNF:9
FNH:4
LF:41
LH:22
BRF:20
BRH:9
end_of_record
TN:
SF:src/treasury/Treasury.sol
FN:31,Treasury.initialize
FNDA:0,Treasury.initialize
DA:32,0
DA:33,0
DA:34,0
FN:39,Treasury.convertToLLP
FNDA:1,Treasury.convertToLLP
DA:44,1
DA:45,1
FN:48,Treasury.swap
FNDA:0,Treasury.swap
DA:52,0
BRDA:52,0,0,-
BRDA:52,0,1,-
DA:53,0
DA:54,0
DA:55,0
DA:56,0
DA:57,0
BRDA:57,1,0,-
BRDA:57,1,1,-
DA:58,0
FN:63,Treasury.recoverFund
FNDA:0,Treasury.recoverFund
DA:64,0
BRDA:64,2,0,-
BRDA:64,2,1,-
DA:65,0
BRDA:65,3,0,-
BRDA:65,3,1,-
DA:66,0
DA:67,0
FN:72,Treasury._addLiquidity
FNDA:1,Treasury._addLiquidity
DA:76,1
DA:77,1
DA:78,1
DA:79,1
FN:82,Treasury._safeUnwrapETH
FNDA:0,Treasury._safeUnwrapETH
DA:83,0
DA:84,0
FNF:6
FNH:2
LF:22
LH:6
BRF:8
BRH:0
end_of_record
TN:
SF:src/utils/FeeDistributor.sol
FN:34,FeeDistributor.getRecipients
FNDA:0,FeeDistributor.getRecipients
DA:35,0
DA:36,0
DA:38,0
DA:39,0
DA:40,0
DA:43,0
FN:46,FeeDistributor.withdrawFee
FNDA:6,FeeDistributor.withdrawFee
DA:47,5
BRDA:47,0,0,4
BRDA:47,0,1,1
DA:48,4
DA:50,1
DA:51,2
DA:52,2
DA:53,2
DA:56,1
FN:60,FeeDistributor.setFeeTokens
FNDA:3,FeeDistributor.setFeeTokens
DA:61,3
FN:64,FeeDistributor.setRecipient
FNDA:16,FeeDistributor.setRecipient
DA:65,14
BRDA:65,1,0,-
BRDA:65,1,1,14
DA:66,0
DA:68,14
DA:69,14
DA:70,14
DA:71,14
BRDA:71,2,0,8
BRDA:71,2,1,6
DA:72,8
DA:74,6
FN:78,FeeDistributor.removeRecipient
FNDA:5,FeeDistributor.removeRecipient
DA:79,3
DA:80,3
BRDA:80,3,0,1
BRDA:80,3,1,2
DA:81,1
DA:84,2
DA:85,2
DA:86,2
FN:89,FeeDistributor.pause
FNDA:3,FeeDistributor.pause
DA:90,2
FN:93,FeeDistributor.unpause
FNDA:2,FeeDistributor.unpause
DA:94,1
FN:98,FeeDistributor._distribute
FNDA:2,FeeDistributor._distribute
DA:99,2
BRDA:99,4,0,2
BRDA:99,4,1,2
DA:100,2
DA:103,2
DA:104,2
DA:105,2
DA:106,4
DA:107,4
DA:108,4
BRDA:108,5,0,2
BRDA:108,5,1,2
DA:109,2
DA:111,2
DA:112,2
DA:114,4
FN:118,FeeDistributor._setFeeTokens
FNDA:3,FeeDistributor._setFeeTokens
DA:119,3
DA:120,6
BRDA:120,6,0,-
BRDA:120,6,1,6
DA:121,0
DA:124,3
DA:125,3
FN:128,FeeDistributor._transfer
FNDA:4,FeeDistributor._transfer
DA:129,4
BRDA:129,7,0,4
BRDA:129,7,1,4
DA:130,4
FN:134,FeeDistributor._withdrawFee
FNDA:2,FeeDistributor._withdrawFee
DA:135,2
DA:136,2
BRDA:136,8,0,-
BRDA:136,8,1,2
DA:137,2
DA:138,2
DA:139,2
FN:143,FeeDistributor._ratio
FNDA:2,FeeDistributor._ratio
DA:144,2
FNF:12
FNH:11
LF:55
LH:47
BRF:18
BRH:15
end_of_record
TN:
SF:test/mocks/ETHUnwrapper.sol
FN:22,ETHUnwrapper.unwrap
FNDA:0,ETHUnwrapper.unwrap
DA:23,0
DA:24,0
DA:26,0
FN:29,ETHUnwrapper._safeTransferETH
FNDA:0,ETHUnwrapper._safeTransferETH
DA:31,0
DA:32,0
BRDA:32,0,0,-
BRDA:32,0,1,-
FNF:2
FNH:0
LF:5
LH:0
BRF:2
BRH:0
end_of_record
TN:
SF:test/mocks/MockERC20.sol
FN:17,MockERC20.mint
FNDA:0,MockERC20.mint
DA:18,0
FN:21,MockERC20.mintTo
FNDA:2,MockERC20.mintTo
DA:22,2
FN:25,MockERC20.decimals
FNDA:0,MockERC20.decimals
DA:26,0
FN:34,MockERC20.burn
FNDA:0,MockERC20.burn
DA:35,0
FN:49,MockERC20.burnFrom
FNDA:0,MockERC20.burnFrom
DA:50,0
DA:51,0
FNF:5
FNH:1
LF:6
LH:1
BRF:0
BRH:0
end_of_record
TN:
SF:test/mocks/MockLpToken.sol
FN:19,LPToken.mint
FNDA:1,LPToken.mint
DA:20,1
FNF:1
FNH:1
LF:1
LH:1
BRF:0
BRH:0
end_of_record
TN:
SF:test/mocks/MockPool.sol
FN:30,MockPool.setLpToken
FNDA:0,MockPool.setLpToken
DA:31,0
FN:34,MockPool.addLiquidity
FNDA:1,MockPool.addLiquidity
DA:41,1
BRDA:41,0,0,1
BRDA:41,0,1,1
DA:42,1
DA:44,1
FN:47,MockPool.removeLiquidity
FNDA:0,MockPool.removeLiquidity
DA:50,0
DA:51,0
FN:54,MockPool.withdrawFee
FNDA:2,MockPool.withdrawFee
DA:55,2
DA:56,2
DA:57,2
FN:60,MockPool.setFeeReserve
FNDA:0,MockPool.setFeeReserve
DA:61,0
FN:64,MockPool.setPoolBalance
FNDA:0,MockPool.setPoolBalance
DA:65,0
FN:68,MockPool.swap
FNDA:0,MockPool.swap
DA:69,0
DA:70,0
DA:71,0
DA:72,0
FNF:7
FNH:2
LF:15
LH:6
BRF:2
BRH:2
end_of_record
TN:
SF:test/mocks/WETH.sol
FN:39,WETH9.deposit
FNDA:0,WETH9.deposit
DA:40,0
DA:41,0
FN:44,WETH9.withdraw
FNDA:0,WETH9.withdraw
DA:45,0
BRDA:45,0,0,-
BRDA:45,0,1,-
DA:46,0
DA:47,0
DA:48,0
FN:51,WETH9.totalSupply
FNDA:0,WETH9.totalSupply
DA:52,0
FN:55,WETH9.approve
FNDA:0,WETH9.approve
DA:56,0
DA:57,0
DA:58,0
FN:61,WETH9.transfer
FNDA:3,WETH9.transfer
DA:62,3
FN:65,WETH9.transferFrom
FNDA:0,WETH9.transferFrom
DA:66,3
BRDA:66,1,0,-
BRDA:66,1,1,3
DA:68,3
BRDA:68,2,0,-
BRDA:68,2,1,-
DA:69,0
BRDA:69,3,0,-
BRDA:69,3,1,-
DA:70,0
DA:73,3
DA:74,3
DA:76,3
DA:78,3
FNF:6
FNH:1
LF:19
LH:7
BRF:8
BRH:1
end_of_record
